<?xml version="1.0" encoding="UTF-8"?>
<testng-results ignored="0" total="1" passed="1" failed="0" skipped="0">
  <reporter-output>
  </reporter-output>
  <suite started-at="2023-06-23T08:31:23 IST" name="Suite" finished-at="2023-06-23T08:31:54 IST" duration-ms="31712">
    <groups>
    </groups>
    <test started-at="2023-06-23T08:31:23 IST" name="Test" finished-at="2023-06-23T08:31:54 IST" duration-ms="31712">
      <class name="Module1_login_Test.PBLoginTest1">
        <test-method is-config="true" signature="openBrowser()[pri:0, instance:Module1_login_Test.PBLoginTest1@4681c175]" started-at="2023-06-23T08:31:23 IST" name="openBrowser" finished-at="2023-06-23T08:31:28 IST" duration-ms="5913" status="PASS">
          <reporter-output>
          </reporter-output>
        </test-method> <!-- openBrowser -->
        <test-method is-config="true" signature="loginToApp()[pri:0, instance:Module1_login_Test.PBLoginTest1@4681c175]" started-at="2023-06-23T08:31:29 IST" name="loginToApp" finished-at="2023-06-23T08:31:46 IST" duration-ms="17128" status="PASS">
          <reporter-output>
          </reporter-output>
        </test-method> <!-- loginToApp -->
        <test-method signature="verifyFullName()[pri:0, instance:Module1_login_Test.PBLoginTest1@4681c175]" started-at="2023-06-23T08:31:46 IST" name="verifyFullName" finished-at="2023-06-23T08:31:54 IST" duration-ms="7922" status="PASS">
          <reporter-output>
          </reporter-output>
        </test-method> <!-- verifyFullName -->
        <test-method is-config="true" signature="name(org.testng.ITestResult)[pri:0, instance:Module1_login_Test.PBLoginTest1@4681c175]" started-at="2023-06-23T08:31:54 IST" name="name" finished-at="2023-06-23T08:31:54 IST" duration-ms="2" status="PASS">
          <params>
            <param index="0">
              <value>
                <![CDATA[[TestResult name=verifyFullName status=SUCCESS method=PBLoginTest1.verifyFullName()[pri:0, instance:Module1_login_Test.PBLoginTest1@4681c175] output={null}]]]>
              </value>
            </param>
          </params>
          <reporter-output>
          </reporter-output>
        </test-method> <!-- name -->
        <test-method is-config="true" signature="closeBrowser()[pri:0, instance:Module1_login_Test.PBLoginTest1@4681c175]" started-at="2023-06-23T08:31:54 IST" name="closeBrowser" finished-at="2023-06-23T08:31:54 IST" duration-ms="715" status="PASS">
          <reporter-output>
          </reporter-output>
        </test-method> <!-- closeBrowser -->
      </class> <!-- Module1_login_Test.PBLoginTest1 -->
    </test> <!-- Test -->
  </suite> <!-- Suite -->
</testng-results>
